MyProject0 info it worked if it ends with ok
1 verbose cli [ '/usr/bin/node', '/usr/bin/npm', 'install', '-g', 'sass' ]
2 info using npm@3.5.2
3 info using node@v8.10.0
4 silly loadCurrentTree Starting
5 silly install loadCurrentTree
6 silly install readGlobalPackageData
7 silly fetchPackageMetaData sass
8 silly fetchNamedPackageData sass
9 silly mapToRegistry name sass
10 silly mapToRegistry using default registry
11 silly mapToRegistry registry https://registry.npmjs.org/
12 silly mapToRegistry uri https://registry.npmjs.org/sass
13 verbose request uri https://registry.npmjs.org/sass
14 verbose request no auth needed
15 info attempt registry request try #1 at 2:20:21 AM
16 verbose request id 393581b33f492163
17 verbose etag W/"3f2614840c4a5eaa28fc59749121d445"
18 verbose lastModified Fri, 20 Dec 2019 18:52:25 GMT
19 http request GET https://registry.npmjs.org/sass
20 http 200 https://registry.npmjs.org/sass
21 verbose headers { date: 'Wed, 01 Apr 2020 23:20:21 GMT',
21 verbose headers   'content-type': 'application/json',
21 verbose headers   'transfer-encoding': 'chunked',
21 verbose headers   connection: 'keep-alive',
21 verbose headers   'set-cookie':
21 verbose headers    [ '__cfduid=da4f7f97eeff785aba8aa9336fb31bd5a1585783221; expires=Fri, 01-May-20 23:20:21 GMT; path=/; domain=.npmjs.org; HttpOnly; SameSite=Lax' ],
21 verbose headers   'cf-ray': '57d60a50c9c786ad-ARN',
21 verbose headers   age: '5598',
21 verbose headers   'cache-control': 'public, max-age=300',
21 verbose headers   etag: 'W/"d9b5c9b77a2c3a69aae054def11a668b"',
21 verbose headers   'last-modified': 'Wed, 11 Mar 2020 22:55:27 GMT',
21 verbose headers   vary: 'accept-encoding, accept',
21 verbose headers   'cf-cache-status': 'HIT',
21 verbose headers   'expect-ct': 'max-age=604800, report-uri="https://report-uri.cloudflare.com/cdn-cgi/beacon/expect-ct"',
21 verbose headers   server: 'cloudflare',
21 verbose headers   'content-encoding': 'gzip' }
22 silly get cb [ 200,
22 silly get   { date: 'Wed, 01 Apr 2020 23:20:21 GMT',
22 silly get     'content-type': 'application/json',
22 silly get     'transfer-encoding': 'chunked',
22 silly get     connection: 'keep-alive',
22 silly get     'set-cookie':
22 silly get      [ '__cfduid=da4f7f97eeff785aba8aa9336fb31bd5a1585783221; expires=Fri, 01-May-20 23:20:21 GMT; path=/; domain=.npmjs.org; HttpOnly; SameSite=Lax' ],
22 silly get     'cf-ray': '57d60a50c9c786ad-ARN',
22 silly get     age: '5598',
22 silly get     'cache-control': 'public, max-age=300',
22 silly get     etag: 'W/"d9b5c9b77a2c3a69aae054def11a668b"',
22 silly get     'last-modified': 'Wed, 11 Mar 2020 22:55:27 GMT',
22 silly get     vary: 'accept-encoding, accept',
22 silly get     'cf-cache-status': 'HIT',
22 silly get     'expect-ct': 'max-age=604800, report-uri="https://report-uri.cloudflare.com/cdn-cgi/beacon/expect-ct"',
22 silly get     server: 'cloudflare',
22 silly get     'content-encoding': 'gzip' } ]
23 verbose get saving sass to /home/mishok/.npm/registry.npmjs.org/sass/.cache.json
24 silly install normalizeTree
25 silly loadCurrentTree Finishing
26 silly loadIdealTree Starting
27 silly install loadIdealTree
28 silly cloneCurrentTree Starting
29 silly install cloneCurrentTreeToIdealTree
30 silly cloneCurrentTree Finishing
31 silly loadShrinkwrap Starting
32 silly install loadShrinkwrap
33 silly loadShrinkwrap Finishing
34 silly loadAllDepsIntoIdealTree Starting
35 silly install loadAllDepsIntoIdealTree
36 silly resolveWithNewModule sass@1.26.3 checking installable status
37 silly cache add args [ 'sass', null ]
38 verbose cache add spec sass
39 silly cache add parsed spec Result {
39 silly cache add   raw: 'sass',
39 silly cache add   scope: null,
39 silly cache add   name: 'sass',
39 silly cache add   rawSpec: '',
39 silly cache add   spec: 'latest',
39 silly cache add   type: 'tag' }
40 silly addNamed sass@latest
41 verbose addNamed "latest" is being treated as a dist-tag for sass
42 info addNameTag [ 'sass', 'latest' ]
43 silly mapToRegistry name sass
44 silly mapToRegistry using default registry
45 silly mapToRegistry registry https://registry.npmjs.org/
46 silly mapToRegistry uri https://registry.npmjs.org/sass
47 verbose addNameTag registry:https://registry.npmjs.org/sass not in flight; fetching
48 verbose get https://registry.npmjs.org/sass not expired, no request
49 silly addNameTag next cb for sass with tag latest
50 silly addNamed sass@1.26.3
51 verbose addNamed "1.26.3" is a plain semver version for sass
52 silly mapToRegistry name sass
53 silly mapToRegistry using default registry
54 silly mapToRegistry registry https://registry.npmjs.org/
55 silly mapToRegistry uri https://registry.npmjs.org/sass
56 verbose addRemoteTarball https://registry.npmjs.org/sass/-/sass-1.26.3.tgz not in flight; adding
57 verbose addRemoteTarball [ 'https://registry.npmjs.org/sass/-/sass-1.26.3.tgz',
57 verbose addRemoteTarball   '412df54486143b76b5a65cdf7569e86f44659f46' ]
58 info retry fetch attempt 1 at 2:20:22 AM
59 info attempt registry request try #1 at 2:20:22 AM
60 http fetch GET https://registry.npmjs.org/sass/-/sass-1.26.3.tgz
61 http fetch 200 https://registry.npmjs.org/sass/-/sass-1.26.3.tgz
62 silly fetchAndShaCheck shasum 412df54486143b76b5a65cdf7569e86f44659f46
63 verbose addTmpTarball /tmp/npm-11769-595ee1bc/registry.npmjs.org/sass/-/sass-1.26.3.tgz not in flight; adding
64 verbose addTmpTarball already have metadata; skipping unpack for sass@1.26.3
65 silly cache afterAdd sass@1.26.3
66 verbose afterAdd /home/mishok/.npm/sass/1.26.3/package/package.json not in flight; writing
67 verbose afterAdd /home/mishok/.npm/sass/1.26.3/package/package.json written
68 silly fetchNamedPackageData chokidar
69 silly mapToRegistry name chokidar
70 silly mapToRegistry using default registry
71 silly mapToRegistry registry https://registry.npmjs.org/
72 silly mapToRegistry uri https://registry.npmjs.org/chokidar
73 verbose request uri https://registry.npmjs.org/chokidar
74 verbose request no auth needed
75 info attempt registry request try #1 at 2:20:22 AM
76 verbose etag W/"406b4885758e9f8272e326bac8bd12ab"
77 verbose lastModified Mon, 16 Dec 2019 15:23:38 GMT
78 http request GET https://registry.npmjs.org/chokidar
79 http 200 https://registry.npmjs.org/chokidar
80 verbose headers { date: 'Wed, 01 Apr 2020 23:20:22 GMT',
80 verbose headers   'content-type': 'application/json',
80 verbose headers   'transfer-encoding': 'chunked',
80 verbose headers   connection: 'keep-alive',
80 verbose headers   'set-cookie':
80 verbose headers    [ '__cfduid=d8322bf599d20f8f0ae9b2eded5d631911585783222; expires=Fri, 01-May-20 23:20:22 GMT; path=/; domain=.npmjs.org; HttpOnly; SameSite=Lax' ],
80 verbose headers   'cf-ray': '57d60a52fa4486ad-ARN',
80 verbose headers   age: '2398',
80 verbose headers   'cache-control': 'public, max-age=300',
80 verbose headers   etag: 'W/"5e12a6dbe94d3bcf9bf59ff0d2e0f685"',
80 verbose headers   'last-modified': 'Thu, 19 Mar 2020 09:18:28 GMT',
80 verbose headers   vary: 'accept-encoding, accept',
80 verbose headers   'cf-cache-status': 'HIT',
80 verbose headers   'expect-ct': 'max-age=604800, report-uri="https://report-uri.cloudflare.com/cdn-cgi/beacon/expect-ct"',
80 verbose headers   server: 'cloudflare',
80 verbose headers   'content-encoding': 'gzip' }
81 silly get cb [ 200,
81 silly get   { date: 'Wed, 01 Apr 2020 23:20:22 GMT',
81 silly get     'content-type': 'application/json',
81 silly get     'transfer-encoding': 'chunked',
81 silly get     connection: 'keep-alive',
81 silly get     'set-cookie':
81 silly get      [ '__cfduid=d8322bf599d20f8f0ae9b2eded5d631911585783222; expires=Fri, 01-May-20 23:20:22 GMT; path=/; domain=.npmjs.org; HttpOnly; SameSite=Lax' ],
81 silly get     'cf-ray': '57d60a52fa4486ad-ARN',
81 silly get     age: '2398',
81 silly get     'cache-control': 'public, max-age=300',
81 silly get     etag: 'W/"5e12a6dbe94d3bcf9bf59ff0d2e0f685"',
81 silly get     'last-modified': 'Thu, 19 Mar 2020 09:18:28 GMT',
81 silly get     vary: 'accept-encoding, accept',
81 silly get     'cf-cache-status': 'HIT',
81 silly get     'expect-ct': 'max-age=604800, report-uri="https://report-uri.cloudflare.com/cdn-cgi/beacon/expect-ct"',
81 silly get     server: 'cloudflare',
81 silly get     'content-encoding': 'gzip' } ]
82 verbose get saving chokidar to /home/mishok/.npm/registry.npmjs.org/chokidar/.cache.json
83 silly resolveWithNewModule chokidar@3.3.1 checking installable status
84 silly cache add args [ 'chokidar@>=2.0.0 <4.0.0', null ]
85 verbose cache add spec chokidar@>=2.0.0 <4.0.0
86 silly cache add parsed spec Result {
86 silly cache add   raw: 'chokidar@>=2.0.0 <4.0.0',
86 silly cache add   scope: null,
86 silly cache add   name: 'chokidar',
86 silly cache add   rawSpec: '>=2.0.0 <4.0.0',
86 silly cache add   spec: '>=2.0.0 <4.0.0',
86 silly cache add   type: 'range' }
87 silly addNamed chokidar@>=2.0.0 <4.0.0
88 verbose addNamed ">=2.0.0 <4.0.0" is a valid semver range for chokidar
89 silly addNameRange { name: 'chokidar', range: '>=2.0.0 <4.0.0', hasData: false }
90 silly mapToRegistry name chokidar
91 silly mapToRegistry using default registry
92 silly mapToRegistry registry https://registry.npmjs.org/
93 silly mapToRegistry uri https://registry.npmjs.org/chokidar
94 verbose addNameRange registry:https://registry.npmjs.org/chokidar not in flight; fetching
95 verbose get https://registry.npmjs.org/chokidar not expired, no request
96 silly addNameRange number 2 { name: 'chokidar', range: '>=2.0.0 <4.0.0', hasData: true }
97 silly addNameRange versions [ 'chokidar',
97 silly addNameRange   [ '0.1.1',
97 silly addNameRange     '0.2.0',
97 silly addNameRange     '0.2.1',
97 silly addNameRange     '0.2.2',
97 silly addNameRange     '0.2.3',
97 silly addNameRange     '0.2.4',
97 silly addNameRange     '0.2.5',
97 silly addNameRange     '0.2.6',
97 silly addNameRange     '0.3.0',
97 silly addNameRange     '0.4.0',
97 silly addNameRange     '0.5.0',
97 silly addNameRange     '0.5.1',
97 silly addNameRange     '0.5.2',
97 silly addNameRange     '0.5.3',
97 silly addNameRange     '0.6.0',
97 silly addNameRange     '0.6.1',
97 silly addNameRange     '0.6.2',
97 silly addNameRange     '0.6.3',
97 silly addNameRange     '0.7.0',
97 silly addNameRange     '0.7.1',
97 silly addNameRange     '0.8.0',
97 silly addNameRange     '0.8.1',
97 silly addNameRange     '0.8.2',
97 silly addNameRange     '0.8.3',
97 silly addNameRange     '0.8.4',
97 silly addNameRange     '0.9.0',
97 silly addNameRange     '0.10.0',
97 silly addNameRange     '0.10.1',
97 silly addNameRange     '0.10.2',
97 silly addNameRange     '0.10.3',
97 silly addNameRange     '0.10.4',
97 silly addNameRange     '0.10.5',
97 silly addNameRange     '0.10.6',
97 silly addNameRange     '0.10.7',
97 silly addNameRange     '0.10.8',
97 silly addNameRange     '0.10.9',
97 silly addNameRange     '0.11.0',
97 silly addNameRange     '0.11.1',
97 silly addNameRange     '0.12.0',
97 silly addNameRange     '0.12.1',
97 silly addNameRange     '0.12.2',
97 silly addNameRange     '0.12.3',
97 silly addNameRange     '0.12.4',
97 silly addNameRange     '0.12.5',
97 silly addNameRange     '0.12.6',
97 silly addNameRange     '1.0.0-rc1',
97 silly addNameRange     '1.0.0-rc1.1',
97 silly addNameRange     '1.0.0-rc2',
97 silly addNameRange     '1.0.0-rc3',
97 silly addNameRange     '1.0.0-rc4',
97 silly addNameRange     '1.0.0-rc5',
97 silly addNameRange     '1.0.0',
97 silly addNameRange     '1.0.1',
97 silly addNameRange     '1.0.2',
97 silly addNameRange     '1.0.3',
97 silly addNameRange     '1.0.4',
97 silly addNameRange     '1.0.5',
97 silly addNameRange     '1.0.6',
97 silly addNameRange     '1.1.0',
97 silly addNameRange     '1.2.0',
97 silly addNameRange     '1.3.0',
97 silly addNameRange     '1.4.0',
97 silly addNameRange     '1.4.1',
97 silly addNameRange     '1.4.2',
97 silly addNameRange     '1.4.3',
97 silly addNameRange     '1.5.0',
97 silly addNameRange     '1.5.1',
97 silly addNameRange     '1.5.2',
97 silly addNameRange     '1.6.0',
97 silly addNameRange     '1.6.1',
97 silly addNameRange     '1.7.0',
97 silly addNameRange     '2.0.0',
97 silly addNameRange     '2.0.1',
97 silly addNameRange     '2.0.2',
97 silly addNameRange     '2.0.3',
97 silly addNameRange     '2.0.4',
97 silly addNameRange     '2.1.0',
97 silly addNameRange     '2.1.1',
97 silly addNameRange     '2.1.2',
97 silly addNameRange     '2.1.3',
97 silly addNameRange     '2.1.4',
97 silly addNameRange     '2.1.5',
97 silly addNameRange     '3.0.0',
97 silly addNameRange     '2.1.6',
97 silly addNameRange     '3.0.1',
97 silly addNameRange     '3.0.2',
97 silly addNameRange     '2.1.8',
97 silly addNameRange     '3.1.0',
97 silly addNameRange     '3.1.1',
97 silly addNameRange     '3.2.0',
97 silly addNameRange     '3.2.1',
97 silly addNameRange     '3.2.2',
97 silly addNameRange     '3.2.3',
97 silly addNameRange     '3.3.0',
97 silly addNameRange     '3.3.1' ] ]
98 silly addNamed chokidar@3.3.1
99 verbose addNamed "3.3.1" is a plain semver version for chokidar
100 silly cache afterAdd chokidar@3.3.1
101 verbose afterAdd /home/mishok/.npm/chokidar/3.3.1/package/package.json not in flight; writing
102 verbose afterAdd /home/mishok/.npm/chokidar/3.3.1/package/package.json written
103 silly fetchNamedPackageData anymatch
104 silly mapToRegistry name anymatch
105 silly mapToRegistry using default registry
106 silly mapToRegistry registry https://registry.npmjs.org/
107 silly mapToRegistry uri https://registry.npmjs.org/anymatch
108 silly fetchNamedPackageData braces
109 silly mapToRegistry name braces
110 silly mapToRegistry using default registry
111 silly mapToRegistry registry https://registry.npmjs.org/
112 silly mapToRegistry uri https://registry.npmjs.org/braces
113 silly fetchNamedPackageData glob-parent
114 silly mapToRegistry name glob-parent
115 silly mapToRegistry using default registry
116 silly mapToRegistry registry https://registry.npmjs.org/
117 silly mapToRegistry uri https://registry.npmjs.org/glob-parent
118 silly fetchNamedPackageData is-binary-path
119 silly mapToRegistry name is-binary-path
120 silly mapToRegistry using default registry
121 silly mapToRegistry registry https://registry.npmjs.org/
122 silly mapToRegistry uri https://registry.npmjs.org/is-binary-path
123 silly fetchNamedPackageData is-glob
124 silly mapToRegistry name is-glob
125 silly mapToRegistry using default registry
126 silly mapToRegistry registry https://registry.npmjs.org/
127 silly mapToRegistry uri https://registry.npmjs.org/is-glob
128 silly fetchNamedPackageData normalize-path
129 silly mapToRegistry name normalize-path
130 silly mapToRegistry using default registry
131 silly mapToRegistry registry https://registry.npmjs.org/
132 silly mapToRegistry uri https://registry.npmjs.org/normalize-path
133 silly fetchNamedPackageData readdirp
134 silly mapToRegistry name readdirp
135 silly mapToRegistry using default registry
136 silly mapToRegistry registry https://registry.npmjs.org/
137 silly mapToRegistry uri https://registry.npmjs.org/readdirp
138 silly fetchNamedPackageData fsevents
139 silly mapToRegistry name fsevents
140 silly mapToRegistry using default registry
141 silly mapToRegistry registry https://registry.npmjs.org/
142 silly mapToRegistry uri https://registry.npmjs.org/fsevents
143 verbose request uri https://registry.npmjs.org/glob-parent
144 verbose request no auth needed
145 info attempt registry request try #1 at 2:20:22 AM
146 verbose etag W/"10221a027bb5845589a8b7b486d7de64"
147 verbose lastModified Sat, 21 Sep 2019 23:17:08 GMT
148 http request GET https://registry.npmjs.org/glob-parent
149 verbose request uri https://registry.npmjs.org/anymatch
150 verbose request no auth needed
151 info attempt registry request try #1 at 2:20:22 AM
152 verbose etag W/"98fa5632ec0e527416f1335e40360ff2"
153 verbose lastModified Tue, 01 Oct 2019 02:34:52 GMT
154 http request GET https://registry.npmjs.org/anymatch
155 verbose request uri https://registry.npmjs.org/is-glob
156 verbose request no auth needed
157 info attempt registry request try #1 at 2:20:22 AM
158 verbose etag W/"d4c60158c6c0244bf96dd8e6749675aa"
159 verbose lastModified Wed, 27 Mar 2019 22:26:41 GMT
160 http request GET https://registry.npmjs.org/is-glob
161 verbose request uri https://registry.npmjs.org/braces
162 verbose request no auth needed
163 info attempt registry request try #1 at 2:20:22 AM
164 verbose etag W/"53878de16015f7ab71c0a56f622f24f9"
165 verbose lastModified Tue, 16 Apr 2019 19:51:16 GMT
166 http request GET https://registry.npmjs.org/braces
167 verbose request uri https://registry.npmjs.org/normalize-path
168 verbose request no auth needed
169 info attempt registry request try #1 at 2:20:22 AM
170 verbose etag W/"0a459c763ee9d4916c02d792a226cce9"
171 verbose lastModified Sun, 27 May 2018 10:33:45 GMT
172 http request GET https://registry.npmjs.org/normalize-path
173 verbose request uri https://registry.npmjs.org/readdirp
174 verbose request no auth needed
175 info attempt registry request try #1 at 2:20:22 AM
176 verbose etag W/"c74ca9ba6a1851fc4cfb779b4a923f0c"
177 verbose lastModified Fri, 06 Dec 2019 10:56:44 GMT
178 http request GET https://registry.npmjs.org/readdirp
179 verbose request uri https://registry.npmjs.org/is-binary-path
180 verbose request no auth needed
181 info attempt registry request try #1 at 2:20:22 AM
182 verbose etag W/"8ed7a9479c3f5e194e9571992693ddc0"
183 verbose lastModified Fri, 19 Apr 2019 04:42:49 GMT
184 http request GET https://registry.npmjs.org/is-binary-path
185 verbose request uri https://registry.npmjs.org/fsevents
186 verbose request no auth needed
187 info attempt registry request try #1 at 2:20:22 AM
188 verbose etag W/"ce52c12553ec385e5dace46e4c8be564"
189 verbose lastModified Thu, 19 Mar 2020 09:15:01 GMT
190 http request GET https://registry.npmjs.org/fsevents
191 http 200 https://registry.npmjs.org/glob-parent
192 verbose headers { date: 'Wed, 01 Apr 2020 23:20:22 GMT',
192 verbose headers   'content-type': 'application/json',
192 verbose headers   'transfer-encoding': 'chunked',
192 verbose headers   connection: 'keep-alive',
192 verbose headers   'set-cookie':
192 verbose headers    [ '__cfduid=d8322bf599d20f8f0ae9b2eded5d631911585783222; expires=Fri, 01-May-20 23:20:22 GMT; path=/; domain=.npmjs.org; HttpOnly; SameSite=Lax' ],
192 verbose headers   'cf-ray': '57d60a537a6786ad-ARN',
192 verbose headers   age: '2275',
192 verbose headers   'cache-control': 'public, max-age=300',
192 verbose headers   etag: 'W/"55aefcb05179f7fa45b295d0974d798e"',
192 verbose headers   'last-modified': 'Sat, 21 Mar 2020 23:16:52 GMT',
192 verbose headers   vary: 'accept-encoding, accept',
192 verbose headers   'cf-cache-status': 'HIT',
192 verbose headers   'expect-ct': 'max-age=604800, report-uri="https://report-uri.cloudflare.com/cdn-cgi/beacon/expect-ct"',
192 verbose headers   server: 'cloudflare',
192 verbose headers   'content-encoding': 'gzip' }
193 silly get cb [ 200,
193 silly get   { date: 'Wed, 01 Apr 2020 23:20:22 GMT',
193 silly get     'content-type': 'application/json',
193 silly get     'transfer-encoding': 'chunked',
193 silly get     connection: 'keep-alive',
193 silly get     'set-cookie':
193 silly get      [ '__cfduid=d8322bf599d20f8f0ae9b2eded5d631911585783222; expires=Fri, 01-May-20 23:20:22 GMT; path=/; domain=.npmjs.org; HttpOnly; SameSite=Lax' ],
193 silly get     'cf-ray': '57d60a537a6786ad-ARN',
193 silly get     age: '2275',
193 silly get     'cache-control': 'public, max-age=300',
193 silly get     etag: 'W/"55aefcb05179f7fa45b295d0974d798e"',
193 silly get     'last-modified': 'Sat, 21 Mar 2020 23:16:52 GMT',
193 silly get     vary: 'accept-encoding, accept',
193 silly get     'cf-cache-status': 'HIT',
193 silly get     'expect-ct': 'max-age=604800, report-uri="https://report-uri.cloudflare.com/cdn-cgi/beacon/expect-ct"',
193 silly get     server: 'cloudflare',
193 silly get     'content-encoding': 'gzip' } ]
194 verbose get saving glob-parent to /home/mishok/.npm/registry.npmjs.org/glob-parent/.cache.json
195 silly resolveWithNewModule glob-parent@5.1.1 checking installable status
196 silly cache add args [ 'glob-parent@~5.1.0', null ]
197 verbose cache add spec glob-parent@~5.1.0
198 silly cache add parsed spec Result {
198 silly cache add   raw: 'glob-parent@~5.1.0',
198 silly cache add   scope: null,
198 silly cache add   name: 'glob-parent',
198 silly cache add   rawSpec: '~5.1.0',
198 silly cache add   spec: '>=5.1.0 <5.2.0',
198 silly cache add   type: 'range' }
199 silly addNamed glob-parent@>=5.1.0 <5.2.0
200 verbose addNamed ">=5.1.0 <5.2.0" is a valid semver range for glob-parent
201 silly addNameRange { name: 'glob-parent', range: '>=5.1.0 <5.2.0', hasData: false }
202 silly mapToRegistry name glob-parent
203 silly mapToRegistry using default registry
204 silly mapToRegistry registry https://registry.npmjs.org/
205 silly mapToRegistry uri https://registry.npmjs.org/glob-parent
206 verbose addNameRange registry:https://registry.npmjs.org/glob-parent not in flight; fetching
207 verbose get https://registry.npmjs.org/glob-parent not expired, no request
208 silly addNameRange number 2 { name: 'glob-parent', range: '>=5.1.0 <5.2.0', hasData: true }
209 silly addNameRange versions [ 'glob-parent',
209 silly addNameRange   [ '1.0.0',
209 silly addNameRange     '1.1.0',
209 silly addNameRange     '1.2.0',
209 silly addNameRange     '1.3.0',
209 silly addNameRange     '2.0.0',
209 silly addNameRange     '3.0.0',
209 silly addNameRange     '3.0.1',
209 silly addNameRange     '3.1.0',
209 silly addNameRange     '4.0.0',
209 silly addNameRange     '5.0.0',
209 silly addNameRange     '5.1.0',
209 silly addNameRange     '5.1.1' ] ]
210 silly addNamed glob-parent@5.1.1
211 verbose addNamed "5.1.1" is a plain semver version for glob-parent
212 silly mapToRegistry name glob-parent
213 silly mapToRegistry using default registry
214 silly mapToRegistry registry https://registry.npmjs.org/
215 silly mapToRegistry uri https://registry.npmjs.org/glob-parent
216 verbose addRemoteTarball https://registry.npmjs.org/glob-parent/-/glob-parent-5.1.1.tgz not in flight; adding
217 verbose addRemoteTarball [ 'https://registry.npmjs.org/glob-parent/-/glob-parent-5.1.1.tgz',
217 verbose addRemoteTarball   'b6c1ef417c4e5663ea498f1c45afac6916bbc229' ]
218 info retry fetch attempt 1 at 2:20:22 AM
219 info attempt registry request try #1 at 2:20:22 AM
220 http fetch GET https://registry.npmjs.org/glob-parent/-/glob-parent-5.1.1.tgz
221 http fetch 200 https://registry.npmjs.org/glob-parent/-/glob-parent-5.1.1.tgz
222 silly fetchAndShaCheck shasum b6c1ef417c4e5663ea498f1c45afac6916bbc229
223 verbose addTmpTarball /tmp/npm-11769-595ee1bc/registry.npmjs.org/glob-parent/-/glob-parent-5.1.1.tgz not in flight; adding
224 verbose addTmpTarball already have metadata; skipping unpack for glob-parent@5.1.1
225 silly cache afterAdd glob-parent@5.1.1
226 verbose afterAdd /home/mishok/.npm/glob-parent/5.1.1/package/package.json not in flight; writing
227 verbose afterAdd /home/mishok/.npm/glob-parent/5.1.1/package/package.json written
228 http 304 https://registry.npmjs.org/braces
229 verbose headers { date: 'Wed, 01 Apr 2020 23:20:22 GMT',
229 verbose headers   connection: 'keep-alive',
229 verbose headers   'set-cookie':
229 verbose headers    [ '__cfduid=d683c329a1b945ad1a2ee80f0f45bbccd1585783222; expires=Fri, 01-May-20 23:20:22 GMT; path=/; domain=.npmjs.org; HttpOnly; SameSite=Lax' ],
229 verbose headers   'cf-ray': '57d60a53de0ef146-ARN',
229 verbose headers   age: '5896',
229 verbose headers   'cache-control': 'public, max-age=300',
229 verbose headers   etag: '"53878de16015f7ab71c0a56f622f24f9"',
229 verbose headers   'last-modified': 'Tue, 16 Apr 2019 19:51:16 GMT',
229 verbose headers   vary: 'Accept-Encoding',
229 verbose headers   'cf-cache-status': 'HIT',
229 verbose headers   'expect-ct': 'max-age=604800, report-uri="https://report-uri.cloudflare.com/cdn-cgi/beacon/expect-ct"',
229 verbose headers   server: 'cloudflare' }
230 silly get cb [ 304,
230 silly get   { date: 'Wed, 01 Apr 2020 23:20:22 GMT',
230 silly get     connection: 'keep-alive',
230 silly get     'set-cookie':
230 silly get      [ '__cfduid=d683c329a1b945ad1a2ee80f0f45bbccd1585783222; expires=Fri, 01-May-20 23:20:22 GMT; path=/; domain=.npmjs.org; HttpOnly; SameSite=Lax' ],
230 silly get     'cf-ray': '57d60a53de0ef146-ARN',
230 silly get     age: '5896',
230 silly get     'cache-control': 'public, max-age=300',
230 silly get     etag: '"53878de16015f7ab71c0a56f622f24f9"',
230 silly get     'last-modified': 'Tue, 16 Apr 2019 19:51:16 GMT',
230 silly get     vary: 'Accept-Encoding',
230 silly get     'cf-cache-status': 'HIT',
230 silly get     'expect-ct': 'max-age=604800, report-uri="https://report-uri.cloudflare.com/cdn-cgi/beacon/expect-ct"',
230 silly get     server: 'cloudflare' } ]
231 verbose etag https://registry.npmjs.org/braces from cache
232 verbose get saving braces to /home/mishok/.npm/registry.npmjs.org/braces/.cache.json
233 silly resolveWithNewModule braces@3.0.2 checking installable status
234 silly cache add args [ 'braces@~3.0.2', null ]
235 verbose cache add spec braces@~3.0.2
236 silly cache add parsed spec Result {
236 silly cache add   raw: 'braces@~3.0.2',
236 silly cache add   scope: null,
236 silly cache add   name: 'braces',
236 silly cache add   rawSpec: '~3.0.2',
236 silly cache add   spec: '>=3.0.2 <3.1.0',
236 silly cache add   type: 'range' }
237 silly addNamed braces@>=3.0.2 <3.1.0
238 verbose addNamed ">=3.0.2 <3.1.0" is a valid semver range for braces
239 silly addNameRange { name: 'braces', range: '>=3.0.2 <3.1.0', hasData: false }
240 silly mapToRegistry name braces
241 silly mapToRegistry using default registry
242 silly mapToRegistry registry https://registry.npmjs.org/
243 silly mapToRegistry uri https://registry.npmjs.org/braces
244 verbose addNameRange registry:https://registry.npmjs.org/braces not in flight; fetching
245 verbose get https://registry.npmjs.org/braces not expired, no request
246 silly addNameRange number 2 { name: 'braces', range: '>=3.0.2 <3.1.0', hasData: true }
247 silly addNameRange versions [ 'braces',
247 silly addNameRange   [ '0.1.0',
247 silly addNameRange     '0.1.1',
247 silly addNameRange     '0.1.2',
247 silly addNameRange     '0.1.4',
247 silly addNameRange     '0.1.5',
247 silly addNameRange     '1.0.0',
247 silly addNameRange     '1.1.0',
247 silly addNameRange     '1.2.0',
247 silly addNameRange     '1.3.0',
247 silly addNameRange     '1.4.0',
247 silly addNameRange     '1.5.0',
247 silly addNameRange     '1.5.1',
247 silly addNameRange     '1.6.0',
247 silly addNameRange     '1.7.0',
247 silly addNameRange     '1.8.0',
247 silly addNameRange     '1.8.1',
247 silly addNameRange     '1.8.2',
247 silly addNameRange     '1.8.3',
247 silly addNameRange     '1.8.4',
247 silly addNameRange     '1.8.5',
247 silly addNameRange     '2.0.0',
247 silly addNameRange     '2.0.1',
247 silly addNameRange     '2.0.2',
247 silly addNameRange     '2.0.3',
247 silly addNameRange     '2.0.4',
247 silly addNameRange     '2.1.0',
247 silly addNameRange     '2.1.1',
247 silly addNameRange     '2.2.0',
247 silly addNameRange     '2.2.1',
247 silly addNameRange     '2.2.2',
247 silly addNameRange     '2.3.0',
247 silly addNameRange     '2.3.1',
247 silly addNameRange     '2.3.2',
247 silly addNameRange     '3.0.0',
247 silly addNameRange     '3.0.1',
247 silly addNameRange     '3.0.2' ] ]
248 silly addNamed braces@3.0.2
249 verbose addNamed "3.0.2" is a plain semver version for braces
250 http 304 https://registry.npmjs.org/normalize-path
251 verbose headers { date: 'Wed, 01 Apr 2020 23:20:22 GMT',
251 verbose headers   connection: 'keep-alive',
251 verbose headers   'set-cookie':
251 verbose headers    [ '__cfduid=dea0cec2086d4173c86cc71536a61bcf01585783222; expires=Fri, 01-May-20 23:20:22 GMT; path=/; domain=.npmjs.org; HttpOnly; SameSite=Lax' ],
251 verbose headers   'cf-ray': '57d60a53ddd1f210-ARN',
251 verbose headers   age: '4266',
251 verbose headers   'cache-control': 'public, max-age=300',
251 verbose headers   etag: '"0a459c763ee9d4916c02d792a226cce9"',
251 verbose headers   'last-modified': 'Sun, 27 May 2018 10:33:45 GMT',
251 verbose headers   vary: 'Accept-Encoding',
251 verbose headers   'cf-cache-status': 'HIT',
251 verbose headers   'expect-ct': 'max-age=604800, report-uri="https://report-uri.cloudflare.com/cdn-cgi/beacon/expect-ct"',
251 verbose headers   server: 'cloudflare' }
252 silly get cb [ 304,
252 silly get   { date: 'Wed, 01 Apr 2020 23:20:22 GMT',
252 silly get     connection: 'keep-alive',
252 silly get     'set-cookie':
252 silly get      [ '__cfduid=dea0cec2086d4173c86cc71536a61bcf01585783222; expires=Fri, 01-May-20 23:20:22 GMT; path=/; domain=.npmjs.org; HttpOnly; SameSite=Lax' ],
252 silly get     'cf-ray': '57d60a53ddd1f210-ARN',
252 silly get     age: '4266',
252 silly get     'cache-control': 'public, max-age=300',
252 silly get     etag: '"0a459c763ee9d4916c02d792a226cce9"',
252 silly get     'last-modified': 'Sun, 27 May 2018 10:33:45 GMT',
252 silly get     vary: 'Accept-Encoding',
252 silly get     'cf-cache-status': 'HIT',
252 silly get     'expect-ct': 'max-age=604800, report-uri="https://report-uri.cloudflare.com/cdn-cgi/beacon/expect-ct"',
252 silly get     server: 'cloudflare' } ]
253 verbose etag https://registry.npmjs.org/normalize-path from cache
254 verbose get saving normalize-path to /home/mishok/.npm/registry.npmjs.org/normalize-path/.cache.json
255 silly cache afterAdd braces@3.0.2
256 verbose afterAdd /home/mishok/.npm/braces/3.0.2/package/package.json not in flight; writing
257 silly resolveWithNewModule normalize-path@3.0.0 checking installable status
258 silly cache add args [ 'normalize-path@~3.0.0', null ]
259 verbose cache add spec normalize-path@~3.0.0
260 silly cache add parsed spec Result {
260 silly cache add   raw: 'normalize-path@~3.0.0',
260 silly cache add   scope: null,
260 silly cache add   name: 'normalize-path',
260 silly cache add   rawSpec: '~3.0.0',
260 silly cache add   spec: '>=3.0.0 <3.1.0',
260 silly cache add   type: 'range' }
261 silly addNamed normalize-path@>=3.0.0 <3.1.0
262 verbose addNamed ">=3.0.0 <3.1.0" is a valid semver range for normalize-path
263 silly addNameRange { name: 'normalize-path',
263 silly addNameRange   range: '>=3.0.0 <3.1.0',
263 silly addNameRange   hasData: false }
264 silly mapToRegistry name normalize-path
265 silly mapToRegistry using default registry
266 silly mapToRegistry registry https://registry.npmjs.org/
267 silly mapToRegistry uri https://registry.npmjs.org/normalize-path
268 verbose addNameRange registry:https://registry.npmjs.org/normalize-path not in flight; fetching
269 verbose afterAdd /home/mishok/.npm/braces/3.0.2/package/package.json written
270 verbose get https://registry.npmjs.org/normalize-path not expired, no request
271 silly addNameRange number 2 { name: 'normalize-path',
271 silly addNameRange   range: '>=3.0.0 <3.1.0',
271 silly addNameRange   hasData: true }
272 silly addNameRange versions [ 'normalize-path',
272 silly addNameRange   [ '0.1.0',
272 silly addNameRange     '0.1.1',
272 silly addNameRange     '0.2.0',
272 silly addNameRange     '0.2.1',
272 silly addNameRange     '0.3.0',
272 silly addNameRange     '1.0.0',
272 silly addNameRange     '2.0.0',
272 silly addNameRange     '2.0.1',
272 silly addNameRange     '2.1.0',
272 silly addNameRange     '2.1.1',
272 silly addNameRange     '3.0.0' ] ]
273 silly addNamed normalize-path@3.0.0
274 verbose addNamed "3.0.0" is a plain semver version for normalize-path
275 silly cache afterAdd normalize-path@3.0.0
276 verbose afterAdd /home/mishok/.npm/normalize-path/3.0.0/package/package.json not in flight; writing
277 http 304 https://registry.npmjs.org/fsevents
278 verbose headers { date: 'Wed, 01 Apr 2020 23:20:22 GMT',
278 verbose headers   connection: 'keep-alive',
278 verbose headers   'set-cookie':
278 verbose headers    [ '__cfduid=dfdd29027b0851f81621dec69fbc843e41585783222; expires=Fri, 01-May-20 23:20:22 GMT; path=/; domain=.npmjs.org; HttpOnly; SameSite=Lax' ],
278 verbose headers   'cf-ray': '57d60a53ea9dcad0-ARN',
278 verbose headers   age: '1310',
278 verbose headers   'cache-control': 'public, max-age=300',
278 verbose headers   etag: '"ce52c12553ec385e5dace46e4c8be564"',
278 verbose headers   'last-modified': 'Thu, 19 Mar 2020 09:15:01 GMT',
278 verbose headers   vary: 'Accept-Encoding',
278 verbose headers   'cf-cache-status': 'HIT',
278 verbose headers   'expect-ct': 'max-age=604800, report-uri="https://report-uri.cloudflare.com/cdn-cgi/beacon/expect-ct"',
278 verbose headers   server: 'cloudflare' }
279 silly get cb [ 304,
279 silly get   { date: 'Wed, 01 Apr 2020 23:20:22 GMT',
279 silly get     connection: 'keep-alive',
279 silly get     'set-cookie':
279 silly get      [ '__cfduid=dfdd29027b0851f81621dec69fbc843e41585783222; expires=Fri, 01-May-20 23:20:22 GMT; path=/; domain=.npmjs.org; HttpOnly; SameSite=Lax' ],
279 silly get     'cf-ray': '57d60a53ea9dcad0-ARN',
279 silly get     age: '1310',
279 silly get     'cache-control': 'public, max-age=300',
279 silly get     etag: '"ce52c12553ec385e5dace46e4c8be564"',
279 silly get     'last-modified': 'Thu, 19 Mar 2020 09:15:01 GMT',
279 silly get     vary: 'Accept-Encoding',
279 silly get     'cf-cache-status': 'HIT',
279 silly get     'expect-ct': 'max-age=604800, report-uri="https://report-uri.cloudflare.com/cdn-cgi/beacon/expect-ct"',
279 silly get     server: 'cloudflare' } ]
280 verbose etag https://registry.npmjs.org/fsevents from cache
281 verbose get saving fsevents to /home/mishok/.npm/registry.npmjs.org/fsevents/.cache.json
282 verbose afterAdd /home/mishok/.npm/normalize-path/3.0.0/package/package.json written
283 silly resolveWithNewModule fsevents@2.1.2 checking installable status
284 http 304 https://registry.npmjs.org/is-binary-path
285 verbose headers { date: 'Wed, 01 Apr 2020 23:20:22 GMT',
285 verbose headers   connection: 'keep-alive',
285 verbose headers   'set-cookie':
285 verbose headers    [ '__cfduid=dfdd29027b0851f81621dec69fbc843e41585783222; expires=Fri, 01-May-20 23:20:22 GMT; path=/; domain=.npmjs.org; HttpOnly; SameSite=Lax' ],
285 verbose headers   'cf-ray': '57d60a541aedcad0-ARN',
285 verbose headers   age: '272',
285 verbose headers   'cache-control': 'public, max-age=300',
285 verbose headers   etag: '"8ed7a9479c3f5e194e9571992693ddc0"',
285 verbose headers   'last-modified': 'Fri, 19 Apr 2019 04:42:49 GMT',
285 verbose headers   vary: 'Accept-Encoding',
285 verbose headers   'cf-cache-status': 'HIT',
285 verbose headers   'expect-ct': 'max-age=604800, report-uri="https://report-uri.cloudflare.com/cdn-cgi/beacon/expect-ct"',
285 verbose headers   server: 'cloudflare' }
286 silly get cb [ 304,
286 silly get   { date: 'Wed, 01 Apr 2020 23:20:22 GMT',
286 silly get     connection: 'keep-alive',
286 silly get     'set-cookie':
286 silly get      [ '__cfduid=dfdd29027b0851f81621dec69fbc843e41585783222; expires=Fri, 01-May-20 23:20:22 GMT; path=/; domain=.npmjs.org; HttpOnly; SameSite=Lax' ],
286 silly get     'cf-ray': '57d60a541aedcad0-ARN',
286 silly get     age: '272',
286 silly get     'cache-control': 'public, max-age=300',
286 silly get     etag: '"8ed7a9479c3f5e194e9571992693ddc0"',
286 silly get     'last-modified': 'Fri, 19 Apr 2019 04:42:49 GMT',
286 silly get     vary: 'Accept-Encoding',
286 silly get     'cf-cache-status': 'HIT',
286 silly get     'expect-ct': 'max-age=604800, report-uri="https://report-uri.cloudflare.com/cdn-cgi/beacon/expect-ct"',
286 silly get     server: 'cloudflare' } ]
287 verbose etag https://registry.npmjs.org/is-binary-path from cache
288 verbose get saving is-binary-path to /home/mishok/.npm/registry.npmjs.org/is-binary-path/.cache.json
289 http 304 https://registry.npmjs.org/anymatch
290 verbose headers { date: 'Wed, 01 Apr 2020 23:20:22 GMT',
290 verbose headers   connection: 'keep-alive',
290 verbose headers   'set-cookie':
290 verbose headers    [ '__cfduid=d1ad7d2de1ad87fdb58043dce3b41bfde1585783222; expires=Fri, 01-May-20 23:20:22 GMT; path=/; domain=.npmjs.org; HttpOnly; SameSite=Lax' ],
290 verbose headers   'cf-ray': '57d60a541805cb08-ARN',
290 verbose headers   age: '3891',
290 verbose headers   'cache-control': 'public, max-age=300',
290 verbose headers   etag: '"98fa5632ec0e527416f1335e40360ff2"',
290 verbose headers   'last-modified': 'Tue, 01 Oct 2019 02:34:52 GMT',
290 verbose headers   vary: 'Accept-Encoding',
290 verbose headers   'cf-cache-status': 'HIT',
290 verbose headers   'expect-ct': 'max-age=604800, report-uri="https://report-uri.cloudflare.com/cdn-cgi/beacon/expect-ct"',
290 verbose headers   server: 'cloudflare' }
291 silly get cb [ 304,
291 silly get   { date: 'Wed, 01 Apr 2020 23:20:22 GMT',
291 silly get     connection: 'keep-alive',
291 silly get     'set-cookie':
291 silly get      [ '__cfduid=d1ad7d2de1ad87fdb58043dce3b41bfde1585783222; expires=Fri, 01-May-20 23:20:22 GMT; path=/; domain=.npmjs.org; HttpOnly; SameSite=Lax' ],
291 silly get     'cf-ray': '57d60a541805cb08-ARN',
291 silly get     age: '3891',
291 silly get     'cache-control': 'public, max-age=300',
291 silly get     etag: '"98fa5632ec0e527416f1335e40360ff2"',
291 silly get     'last-modified': 'Tue, 01 Oct 2019 02:34:52 GMT',
291 silly get     vary: 'Accept-Encoding',
291 silly get     'cf-cache-status': 'HIT',
291 silly get     'expect-ct': 'max-age=604800, report-uri="https://report-uri.cloudflare.com/cdn-cgi/beacon/expect-ct"',
291 silly get     server: 'cloudflare' } ]
292 verbose etag https://registry.npmjs.org/anymatch from cache
293 verbose get saving anymatch to /home/mishok/.npm/registry.npmjs.org/anymatch/.cache.json
294 silly resolveWithNewModule is-binary-path@2.1.0 checking installable status
295 silly cache add args [ 'is-binary-path@~2.1.0', null ]
296 verbose cache add spec is-binary-path@~2.1.0
297 silly cache add parsed spec Result {
297 silly cache add   raw: 'is-binary-path@~2.1.0',
297 silly cache add   scope: null,
297 silly cache add   name: 'is-binary-path',
297 silly cache add   rawSpec: '~2.1.0',
297 silly cache add   spec: '>=2.1.0 <2.2.0',
297 silly cache add   type: 'range' }
298 silly addNamed is-binary-path@>=2.1.0 <2.2.0
299 verbose addNamed ">=2.1.0 <2.2.0" is a valid semver range for is-binary-path
300 silly addNameRange { name: 'is-binary-path',
300 silly addNameRange   range: '>=2.1.0 <2.2.0',
300 silly addNameRange   hasData: false }
301 silly mapToRegistry name is-binary-path
302 silly mapToRegistry using default registry
303 silly mapToRegistry registry https://registry.npmjs.org/
304 silly mapToRegistry uri https://registry.npmjs.org/is-binary-path
305 verbose addNameRange registry:https://registry.npmjs.org/is-binary-path not in flight; fetching
306 silly resolveWithNewModule anymatch@3.1.1 checking installable status
307 silly cache add args [ 'anymatch@~3.1.1', null ]
308 verbose cache add spec anymatch@~3.1.1
309 silly cache add parsed spec Result {
309 silly cache add   raw: 'anymatch@~3.1.1',
309 silly cache add   scope: null,
309 silly cache add   name: 'anymatch',
309 silly cache add   rawSpec: '~3.1.1',
309 silly cache add   spec: '>=3.1.1 <3.2.0',
309 silly cache add   type: 'range' }
310 silly addNamed anymatch@>=3.1.1 <3.2.0
311 verbose addNamed ">=3.1.1 <3.2.0" is a valid semver range for anymatch
312 silly addNameRange { name: 'anymatch', range: '>=3.1.1 <3.2.0', hasData: false }
313 silly mapToRegistry name anymatch
314 silly mapToRegistry using default registry
315 silly mapToRegistry registry https://registry.npmjs.org/
316 silly mapToRegistry uri https://registry.npmjs.org/anymatch
317 verbose addNameRange registry:https://registry.npmjs.org/anymatch not in flight; fetching
318 verbose get https://registry.npmjs.org/is-binary-path not expired, no request
319 silly addNameRange number 2 { name: 'is-binary-path',
319 silly addNameRange   range: '>=2.1.0 <2.2.0',
319 silly addNameRange   hasData: true }
320 silly addNameRange versions [ 'is-binary-path',
320 silly addNameRange   [ '1.0.0', '1.0.1', '2.0.0', '2.0.1', '2.1.0' ] ]
321 silly addNamed is-binary-path@2.1.0
322 verbose addNamed "2.1.0" is a plain semver version for is-binary-path
323 verbose get https://registry.npmjs.org/anymatch not expired, no request
324 silly addNameRange number 2 { name: 'anymatch', range: '>=3.1.1 <3.2.0', hasData: true }
325 silly addNameRange versions [ 'anymatch',
325 silly addNameRange   [ '0.1.0',
325 silly addNameRange     '0.1.1',
325 silly addNameRange     '0.2.0',
325 silly addNameRange     '1.0.0',
325 silly addNameRange     '1.1.0',
325 silly addNameRange     '1.2.0',
325 silly addNameRange     '1.2.1',
325 silly addNameRange     '1.3.0',
325 silly addNameRange     '1.3.2',
325 silly addNameRange     '2.0.0',
325 silly addNameRange     '3.0.0',
325 silly addNameRange     '3.0.1',
325 silly addNameRange     '3.0.2',
325 silly addNameRange     '3.0.3',
325 silly addNameRange     '3.1.0',
325 silly addNameRange     '3.1.1' ] ]
326 silly addNamed anymatch@3.1.1
327 verbose addNamed "3.1.1" is a plain semver version for anymatch
328 silly cache afterAdd anymatch@3.1.1
329 verbose afterAdd /home/mishok/.npm/anymatch/3.1.1/package/package.json not in flight; writing
330 silly cache afterAdd is-binary-path@2.1.0
331 verbose afterAdd /home/mishok/.npm/is-binary-path/2.1.0/package/package.json not in flight; writing
332 http 304 https://registry.npmjs.org/is-glob
333 verbose headers { date: 'Wed, 01 Apr 2020 23:20:22 GMT',
333 verbose headers   connection: 'keep-alive',
333 verbose headers   'set-cookie':
333 verbose headers    [ '__cfduid=d7ea03b2bf3a12d6b0ba146e2653fba6d1585783222; expires=Fri, 01-May-20 23:20:22 GMT; path=/; domain=.npmjs.org; HttpOnly; SameSite=Lax' ],
333 verbose headers   'cf-ray': '57d60a541db58719-ARN',
333 verbose headers   age: '2276',
333 verbose headers   'cache-control': 'public, max-age=300',
333 verbose headers   etag: '"d4c60158c6c0244bf96dd8e6749675aa"',
333 verbose headers   'last-modified': 'Wed, 27 Mar 2019 22:26:41 GMT',
333 verbose headers   vary: 'Accept-Encoding',
333 verbose headers   'cf-cache-status': 'HIT',
333 verbose headers   'expect-ct': 'max-age=604800, report-uri="https://report-uri.cloudflare.com/cdn-cgi/beacon/expect-ct"',
333 verbose headers   server: 'cloudflare' }
334 silly get cb [ 304,
334 silly get   { date: 'Wed, 01 Apr 2020 23:20:22 GMT',
334 silly get     connection: 'keep-alive',
334 silly get     'set-cookie':
334 silly get      [ '__cfduid=d7ea03b2bf3a12d6b0ba146e2653fba6d1585783222; expires=Fri, 01-May-20 23:20:22 GMT; path=/; domain=.npmjs.org; HttpOnly; SameSite=Lax' ],
334 silly get     'cf-ray': '57d60a541db58719-ARN',
334 silly get     age: '2276',
334 silly get     'cache-control': 'public, max-age=300',
334 silly get     etag: '"d4c60158c6c0244bf96dd8e6749675aa"',
334 silly get     'last-modified': 'Wed, 27 Mar 2019 22:26:41 GMT',
334 silly get     vary: 'Accept-Encoding',
334 silly get     'cf-cache-status': 'HIT',
334 silly get     'expect-ct': 'max-age=604800, report-uri="https://report-uri.cloudflare.com/cdn-cgi/beacon/expect-ct"',
334 silly get     server: 'cloudflare' } ]
335 verbose etag https://registry.npmjs.org/is-glob from cache
336 verbose get saving is-glob to /home/mishok/.npm/registry.npmjs.org/is-glob/.cache.json
337 verbose afterAdd /home/mishok/.npm/anymatch/3.1.1/package/package.json written
338 verbose afterAdd /home/mishok/.npm/is-binary-path/2.1.0/package/package.json written
339 http 200 https://registry.npmjs.org/readdirp
340 verbose headers { date: 'Wed, 01 Apr 2020 23:20:22 GMT',
340 verbose headers   'content-type': 'application/json',
340 verbose headers   'transfer-encoding': 'chunked',
340 verbose headers   connection: 'keep-alive',
340 verbose headers   'set-cookie':
340 verbose headers    [ '__cfduid=d51c012d68891d287375bbcad5eccd26e1585783222; expires=Fri, 01-May-20 23:20:22 GMT; path=/; domain=.npmjs.org; HttpOnly; SameSite=Lax' ],
340 verbose headers   'cf-ray': '57d60a542965cad4-ARN',
340 verbose headers   age: '1075',
340 verbose headers   'cache-control': 'public, max-age=300',
340 verbose headers   etag: 'W/"b8964abc7faf38782ebc582ae34f46d7"',
340 verbose headers   'last-modified': 'Thu, 19 Mar 2020 09:59:55 GMT',
340 verbose headers   vary: 'accept-encoding, accept',
340 verbose headers   'cf-cache-status': 'HIT',
340 verbose headers   'expect-ct': 'max-age=604800, report-uri="https://report-uri.cloudflare.com/cdn-cgi/beacon/expect-ct"',
340 verbose headers   server: 'cloudflare',
340 verbose headers   'content-encoding': 'gzip' }
341 silly get cb [ 200,
341 silly get   { date: 'Wed, 01 Apr 2020 23:20:22 GMT',
341 silly get     'content-type': 'application/json',
341 silly get     'transfer-encoding': 'chunked',
341 silly get     connection: 'keep-alive',
341 silly get     'set-cookie':
341 silly get      [ '__cfduid=d51c012d68891d287375bbcad5eccd26e1585783222; expires=Fri, 01-May-20 23:20:22 GMT; path=/; domain=.npmjs.org; HttpOnly; SameSite=Lax' ],
341 silly get     'cf-ray': '57d60a542965cad4-ARN',
341 silly get     age: '1075',
341 silly get     'cache-control': 'public, max-age=300',
341 silly get     etag: 'W/"b8964abc7faf38782ebc582ae34f46d7"',
341 silly get     'last-modified': 'Thu, 19 Mar 2020 09:59:55 GMT',
341 silly get     vary: 'accept-encoding, accept',
341 silly get     'cf-cache-status': 'HIT',
341 silly get     'expect-ct': 'max-age=604800, report-uri="https://report-uri.cloudflare.com/cdn-cgi/beacon/expect-ct"',
341 silly get     server: 'cloudflare',
341 silly get     'content-encoding': 'gzip' } ]
342 verbose get saving readdirp to /home/mishok/.npm/registry.npmjs.org/readdirp/.cache.json
343 silly resolveWithNewModule is-glob@4.0.1 checking installable status
344 silly cache add args [ 'is-glob@~4.0.1', null ]
345 verbose cache add spec is-glob@~4.0.1
346 silly cache add parsed spec Result {
346 silly cache add   raw: 'is-glob@~4.0.1',
346 silly cache add   scope: null,
346 silly cache add   name: 'is-glob',
346 silly cache add   rawSpec: '~4.0.1',
346 silly cache add   spec: '>=4.0.1 <4.1.0',
346 silly cache add   type: 'range' }
347 silly addNamed is-glob@>=4.0.1 <4.1.0
348 verbose addNamed ">=4.0.1 <4.1.0" is a valid semver range for is-glob
349 silly addNameRange { name: 'is-glob', range: '>=4.0.1 <4.1.0', hasData: false }
350 silly mapToRegistry name is-glob
351 silly mapToRegistry using default registry
352 silly mapToRegistry registry https://registry.npmjs.org/
353 silly mapToRegistry uri https://registry.npmjs.org/is-glob
354 verbose addNameRange registry:https://registry.npmjs.org/is-glob not in flight; fetching
355 verbose get https://registry.npmjs.org/is-glob not expired, no request
356 silly addNameRange number 2 { name: 'is-glob', range: '>=4.0.1 <4.1.0', hasData: true }
357 silly addNameRange versions [ 'is-glob',
357 silly addNameRange   [ '0.1.0',
357 silly addNameRange     '0.2.0',
357 silly addNameRange     '0.3.0',
357 silly addNameRange     '1.0.0',
357 silly addNameRange     '1.1.0',
357 silly addNameRange     '1.1.1',
357 silly addNameRange     '1.1.2',
357 silly addNameRange     '1.1.3',
357 silly addNameRange     '2.0.0',
357 silly addNameRange     '2.0.1',
357 silly addNameRange     '3.0.0',
357 silly addNameRange     '3.1.0',
357 silly addNameRange     '4.0.0',
357 silly addNameRange     '4.0.1' ] ]
358 silly addNamed is-glob@4.0.1
359 verbose addNamed "4.0.1" is a plain semver version for is-glob
360 silly resolveWithNewModule readdirp@3.3.0 checking installable status
361 silly cache add args [ 'readdirp@~3.3.0', null ]
362 verbose cache add spec readdirp@~3.3.0
363 silly cache add parsed spec Result {
363 silly cache add   raw: 'readdirp@~3.3.0',
363 silly cache add   scope: null,
363 silly cache add   name: 'readdirp',
363 silly cache add   rawSpec: '~3.3.0',
363 silly cache add   spec: '>=3.3.0 <3.4.0',
363 silly cache add   type: 'range' }
364 silly addNamed readdirp@>=3.3.0 <3.4.0
365 verbose addNamed ">=3.3.0 <3.4.0" is a valid semver range for readdirp
366 silly addNameRange { name: 'readdirp', range: '>=3.3.0 <3.4.0', hasData: false }
367 silly mapToRegistry name readdirp
368 silly mapToRegistry using default registry
369 silly mapToRegistry registry https://registry.npmjs.org/
370 silly mapToRegistry uri https://registry.npmjs.org/readdirp
371 verbose addNameRange registry:https://registry.npmjs.org/readdirp not in flight; fetching
372 verbose get https://registry.npmjs.org/readdirp not expired, no request
373 silly addNameRange number 2 { name: 'readdirp', range: '>=3.3.0 <3.4.0', hasData: true }
374 silly addNameRange versions [ 'readdirp',
374 silly addNameRange   [ '0.1.0',
374 silly addNameRange     '0.1.1',
374 silly addNameRange     '0.1.2',
374 silly addNameRange     '0.1.3',
374 silly addNameRange     '0.1.4',
374 silly addNameRange     '0.2.0',
374 silly addNameRange     '0.2.1',
374 silly addNameRange     '0.2.2',
374 silly addNameRange     '0.2.3',
374 silly addNameRange     '0.2.4',
374 silly addNameRange     '0.2.5',
374 silly addNameRange     '0.3.0',
374 silly addNameRange     '0.3.1',
374 silly addNameRange     '0.3.2',
374 silly addNameRange     '0.3.3',
374 silly addNameRange     '0.4.0',
374 silly addNameRange     '1.0.0',
374 silly addNameRange     '1.0.1',
374 silly addNameRange     '1.1.0',
374 silly addNameRange     '1.2.0',
374 silly addNameRange     '1.3.0',
374 silly addNameRange     '1.4.0',
374 silly addNameRange     '2.0.0',
374 silly addNameRange     '2.0.1',
374 silly addNameRange     '2.1.0',
374 silly addNameRange     '2.2.0',
374 silly addNameRange     '2.2.1',
374 silly addNameRange     '3.0.0',
374 silly addNameRange     '3.0.1',
374 silly addNameRange     '3.0.2',
374 silly addNameRange     '3.0.3',
374 silly addNameRange     '3.1.0',
374 silly addNameRange     '3.1.1',
374 silly addNameRange     '3.1.2',
374 silly addNameRange     '3.1.3',
374 silly addNameRange     '3.2.0',
374 silly addNameRange     '3.3.0',
374 silly addNameRange     '3.4.0' ] ]
375 silly addNamed readdirp@3.3.0
376 verbose addNamed "3.3.0" is a plain semver version for readdirp
377 silly cache afterAdd is-glob@4.0.1
378 verbose afterAdd /home/mishok/.npm/is-glob/4.0.1/package/package.json not in flight; writing
379 verbose afterAdd /home/mishok/.npm/is-glob/4.0.1/package/package.json written
380 silly cache afterAdd readdirp@3.3.0
381 verbose afterAdd /home/mishok/.npm/readdirp/3.3.0/package/package.json not in flight; writing
382 verbose afterAdd /home/mishok/.npm/readdirp/3.3.0/package/package.json written
383 silly fetchNamedPackageData picomatch
384 silly mapToRegistry name picomatch
385 silly mapToRegistry using default registry
386 silly mapToRegistry registry https://registry.npmjs.org/
387 silly mapToRegistry uri https://registry.npmjs.org/picomatch
388 verbose request uri https://registry.npmjs.org/picomatch
389 verbose request no auth needed
390 info attempt registry request try #1 at 2:20:22 AM
391 verbose etag W/"d3c2cfde33b812c45a8f3d8bf14ba44f"
392 verbose lastModified Sat, 04 Jan 2020 21:19:52 GMT
393 http request GET https://registry.npmjs.org/picomatch
394 http 200 https://registry.npmjs.org/picomatch
395 verbose headers { date: 'Wed, 01 Apr 2020 23:20:22 GMT',
395 verbose headers   'content-type': 'application/json',
395 verbose headers   'transfer-encoding': 'chunked',
395 verbose headers   connection: 'keep-alive',
395 verbose headers   'set-cookie':
395 verbose headers    [ '__cfduid=d8322bf599d20f8f0ae9b2eded5d631911585783222; expires=Fri, 01-May-20 23:20:22 GMT; path=/; domain=.npmjs.org; HttpOnly; SameSite=Lax' ],
395 verbose headers   'cf-ray': '57d60a54da9e86ad-ARN',
395 verbose headers   age: '2980',
395 verbose headers   'cache-control': 'public, max-age=300',
395 verbose headers   etag: 'W/"0437948f0e21e572322c0051a3d8e5e0"',
395 verbose headers   'last-modified': 'Sat, 21 Mar 2020 11:32:18 GMT',
395 verbose headers   vary: 'accept-encoding, accept',
395 verbose headers   'cf-cache-status': 'HIT',
395 verbose headers   'expect-ct': 'max-age=604800, report-uri="https://report-uri.cloudflare.com/cdn-cgi/beacon/expect-ct"',
395 verbose headers   server: 'cloudflare',
395 verbose headers   'content-encoding': 'gzip' }
396 silly get cb [ 200,
396 silly get   { date: 'Wed, 01 Apr 2020 23:20:22 GMT',
396 silly get     'content-type': 'application/json',
396 silly get     'transfer-encoding': 'chunked',
396 silly get     connection: 'keep-alive',
396 silly get     'set-cookie':
396 silly get      [ '__cfduid=d8322bf599d20f8f0ae9b2eded5d631911585783222; expires=Fri, 01-May-20 23:20:22 GMT; path=/; domain=.npmjs.org; HttpOnly; SameSite=Lax' ],
396 silly get     'cf-ray': '57d60a54da9e86ad-ARN',
396 silly get     age: '2980',
396 silly get     'cache-control': 'public, max-age=300',
396 silly get     etag: 'W/"0437948f0e21e572322c0051a3d8e5e0"',
396 silly get     'last-modified': 'Sat, 21 Mar 2020 11:32:18 GMT',
396 silly get     vary: 'accept-encoding, accept',
396 silly get     'cf-cache-status': 'HIT',
396 silly get     'expect-ct': 'max-age=604800, report-uri="https://report-uri.cloudflare.com/cdn-cgi/beacon/expect-ct"',
396 silly get     server: 'cloudflare',
396 silly get     'content-encoding': 'gzip' } ]
397 verbose get saving picomatch to /home/mishok/.npm/registry.npmjs.org/picomatch/.cache.json
398 silly resolveWithNewModule picomatch@2.2.2 checking installable status
399 silly cache add args [ 'picomatch@^2.0.4', null ]
400 verbose cache add spec picomatch@^2.0.4
401 silly cache add parsed spec Result {
401 silly cache add   raw: 'picomatch@^2.0.4',
401 silly cache add   scope: null,
401 silly cache add   name: 'picomatch',
401 silly cache add   rawSpec: '^2.0.4',
401 silly cache add   spec: '>=2.0.4 <3.0.0',
401 silly cache add   type: 'range' }
402 silly addNamed picomatch@>=2.0.4 <3.0.0
403 verbose addNamed ">=2.0.4 <3.0.0" is a valid semver range for picomatch
404 silly addNameRange { name: 'picomatch', range: '>=2.0.4 <3.0.0', hasData: false }
405 silly mapToRegistry name picomatch
406 silly mapToRegistry using default registry
407 silly mapToRegistry registry https://registry.npmjs.org/
408 silly mapToRegistry uri https://registry.npmjs.org/picomatch
409 verbose addNameRange registry:https://registry.npmjs.org/picomatch not in flight; fetching
410 verbose get https://registry.npmjs.org/picomatch not expired, no request
411 silly addNameRange number 2 { name: 'picomatch', range: '>=2.0.4 <3.0.0', hasData: true }
412 silly addNameRange versions [ 'picomatch',
412 silly addNameRange   [ '1.0.0',
412 silly addNameRange     '1.0.1',
412 silly addNameRange     '1.0.2',
412 silly addNameRange     '1.1.0',
412 silly addNameRange     '1.1.1',
412 silly addNameRange     '1.1.2',
412 silly addNameRange     '1.2.0',
412 silly addNameRange     '2.0.0',
412 silly addNameRange     '2.0.1',
412 silly addNameRange     '2.0.2',
412 silly addNameRange     '2.0.3',
412 silly addNameRange     '2.0.4',
412 silly addNameRange     '2.0.5',
412 silly addNameRange     '2.0.6',
412 silly addNameRange     '2.0.7',
412 silly addNameRange     '2.1.0',
412 silly addNameRange     '2.1.1',
412 silly addNameRange     '2.2.0',
412 silly addNameRange     '2.2.1',
412 silly addNameRange     '2.2.2' ] ]
413 silly addNamed picomatch@2.2.2
414 verbose addNamed "2.2.2" is a plain semver version for picomatch
415 silly mapToRegistry name picomatch
416 silly mapToRegistry using default registry
417 silly mapToRegistry registry https://registry.npmjs.org/
418 silly mapToRegistry uri https://registry.npmjs.org/picomatch
419 verbose addRemoteTarball https://registry.npmjs.org/picomatch/-/picomatch-2.2.2.tgz not in flight; adding
420 verbose addRemoteTarball [ 'https://registry.npmjs.org/picomatch/-/picomatch-2.2.2.tgz',
420 verbose addRemoteTarball   '21f333e9b6b8eaff02468f5146ea406d345f4dad' ]
421 info retry fetch attempt 1 at 2:20:22 AM
422 info attempt registry request try #1 at 2:20:22 AM
423 http fetch GET https://registry.npmjs.org/picomatch/-/picomatch-2.2.2.tgz
424 http fetch 200 https://registry.npmjs.org/picomatch/-/picomatch-2.2.2.tgz
425 silly fetchAndShaCheck shasum 21f333e9b6b8eaff02468f5146ea406d345f4dad
426 verbose addTmpTarball /tmp/npm-11769-595ee1bc/registry.npmjs.org/picomatch/-/picomatch-2.2.2.tgz not in flight; adding
427 verbose addTmpTarball already have metadata; skipping unpack for picomatch@2.2.2
428 silly cache afterAdd picomatch@2.2.2
429 verbose afterAdd /home/mishok/.npm/picomatch/2.2.2/package/package.json not in flight; writing
430 verbose afterAdd /home/mishok/.npm/picomatch/2.2.2/package/package.json written
431 silly fetchNamedPackageData fill-range
432 silly mapToRegistry name fill-range
433 silly mapToRegistry using default registry
434 silly mapToRegistry registry https://registry.npmjs.org/
435 silly mapToRegistry uri https://registry.npmjs.org/fill-range
436 verbose request uri https://registry.npmjs.org/fill-range
437 verbose request no auth needed
438 info attempt registry request try #1 at 2:20:22 AM
439 verbose etag W/"4eeac3d2c052a828a0fc7deef4bbc99e"
440 verbose lastModified Mon, 08 Apr 2019 13:42:42 GMT
441 http request GET https://registry.npmjs.org/fill-range
442 http 304 https://registry.npmjs.org/fill-range
443 verbose headers { date: 'Wed, 01 Apr 2020 23:20:22 GMT',
443 verbose headers   connection: 'keep-alive',
443 verbose headers   'set-cookie':
443 verbose headers    [ '__cfduid=dea0cec2086d4173c86cc71536a61bcf01585783222; expires=Fri, 01-May-20 23:20:22 GMT; path=/; domain=.npmjs.org; HttpOnly; SameSite=Lax' ],
443 verbose headers   'cf-ray': '57d60a55689ff210-ARN',
443 verbose headers   age: '291',
443 verbose headers   'cache-control': 'public, max-age=300',
443 verbose headers   etag: '"4eeac3d2c052a828a0fc7deef4bbc99e"',
443 verbose headers   'last-modified': 'Mon, 08 Apr 2019 13:42:42 GMT',
443 verbose headers   vary: 'Accept-Encoding',
443 verbose headers   'cf-cache-status': 'HIT',
443 verbose headers   'expect-ct': 'max-age=604800, report-uri="https://report-uri.cloudflare.com/cdn-cgi/beacon/expect-ct"',
443 verbose headers   server: 'cloudflare' }
444 silly get cb [ 304,
444 silly get   { date: 'Wed, 01 Apr 2020 23:20:22 GMT',
444 silly get     connection: 'keep-alive',
444 silly get     'set-cookie':
444 silly get      [ '__cfduid=dea0cec2086d4173c86cc71536a61bcf01585783222; expires=Fri, 01-May-20 23:20:22 GMT; path=/; domain=.npmjs.org; HttpOnly; SameSite=Lax' ],
444 silly get     'cf-ray': '57d60a55689ff210-ARN',
444 silly get     age: '291',
444 silly get     'cache-control': 'public, max-age=300',
444 silly get     etag: '"4eeac3d2c052a828a0fc7deef4bbc99e"',
444 silly get     'last-modified': 'Mon, 08 Apr 2019 13:42:42 GMT',
444 silly get     vary: 'Accept-Encoding',
444 silly get     'cf-cache-status': 'HIT',
444 silly get     'expect-ct': 'max-age=604800, report-uri="https://report-uri.cloudflare.com/cdn-cgi/beacon/expect-ct"',
444 silly get     server: 'cloudflare' } ]
445 verbose etag https://registry.npmjs.org/fill-range from cache
446 verbose get saving fill-range to /home/mishok/.npm/registry.npmjs.org/fill-range/.cache.json
447 silly resolveWithNewModule fill-range@7.0.1 checking installable status
448 silly cache add args [ 'fill-range@^7.0.1', null ]
449 verbose cache add spec fill-range@^7.0.1
450 silly cache add parsed spec Result {
450 silly cache add   raw: 'fill-range@^7.0.1',
450 silly cache add   scope: null,
450 silly cache add   name: 'fill-range',
450 silly cache add   rawSpec: '^7.0.1',
450 silly cache add   spec: '>=7.0.1 <8.0.0',
450 silly cache add   type: 'range' }
451 silly addNamed fill-range@>=7.0.1 <8.0.0
452 verbose addNamed ">=7.0.1 <8.0.0" is a valid semver range for fill-range
453 silly addNameRange { name: 'fill-range', range: '>=7.0.1 <8.0.0', hasData: false }
454 silly mapToRegistry name fill-range
455 silly mapToRegistry using default registry
456 silly mapToRegistry registry https://registry.npmjs.org/
457 silly mapToRegistry uri https://registry.npmjs.org/fill-range
458 verbose addNameRange registry:https://registry.npmjs.org/fill-range not in flight; fetching
459 verbose get https://registry.npmjs.org/fill-range not expired, no request
460 silly addNameRange number 2 { name: 'fill-range', range: '>=7.0.1 <8.0.0', hasData: true }
461 silly addNameRange versions [ 'fill-range',
461 silly addNameRange   [ '0.1.0',
461 silly addNameRange     '0.1.1',
461 silly addNameRange     '0.2.0',
461 silly addNameRange     '1.0.0',
461 silly addNameRange     '1.1.0',
461 silly addNameRange     '1.2.0',
461 silly addNameRange     '1.3.0',
461 silly addNameRange     '1.4.0',
461 silly addNameRange     '1.5.0',
461 silly addNameRange     '1.6.0',
461 silly addNameRange     '1.7.0',
461 silly addNameRange     '1.7.1',
461 silly addNameRange     '1.8.0',
461 silly addNameRange     '1.9.0',
461 silly addNameRange     '2.0.0',
461 silly addNameRange     '2.1.0',
461 silly addNameRange     '2.2.0',
461 silly addNameRange     '2.2.1',
461 silly addNameRange     '2.2.2',
461 silly addNameRange     '2.2.3',
461 silly addNameRange     '3.0.0',
461 silly addNameRange     '3.0.1',
461 silly addNameRange     '3.0.2',
461 silly addNameRange     '3.0.3',
461 silly addNameRange     '3.1.0',
461 silly addNameRange     '3.1.1',
461 silly addNameRange     '4.0.0',
461 silly addNameRange     '5.0.0',
461 silly addNameRange     '2.2.4',
461 silly addNameRange     '6.0.0',
461 silly addNameRange     '7.0.0',
461 silly addNameRange     '7.0.1' ] ]
462 silly addNamed fill-range@7.0.1
463 verbose addNamed "7.0.1" is a plain semver version for fill-range
464 silly cache afterAdd fill-range@7.0.1
465 verbose afterAdd /home/mishok/.npm/fill-range/7.0.1/package/package.json not in flight; writing
466 verbose afterAdd /home/mishok/.npm/fill-range/7.0.1/package/package.json written
467 silly fetchNamedPackageData to-regex-range
468 silly mapToRegistry name to-regex-range
469 silly mapToRegistry using default registry
470 silly mapToRegistry registry https://registry.npmjs.org/
471 silly mapToRegistry uri https://registry.npmjs.org/to-regex-range
472 verbose request uri https://registry.npmjs.org/to-regex-range
473 verbose request no auth needed
474 info attempt registry request try #1 at 2:20:22 AM
475 verbose etag W/"c16671d126f61886b4fedbad415ca4c2"
476 verbose lastModified Sun, 07 Apr 2019 06:04:40 GMT
477 http request GET https://registry.npmjs.org/to-regex-range
478 http 304 https://registry.npmjs.org/to-regex-range
479 verbose headers { date: 'Wed, 01 Apr 2020 23:20:22 GMT',
479 verbose headers   connection: 'keep-alive',
479 verbose headers   'set-cookie':
479 verbose headers    [ '__cfduid=dfdd29027b0851f81621dec69fbc843e41585783222; expires=Fri, 01-May-20 23:20:22 GMT; path=/; domain=.npmjs.org; HttpOnly; SameSite=Lax' ],
479 verbose headers   'cf-ray': '57d60a55bd75cad0-ARN',
479 verbose headers   age: '4761',
479 verbose headers   'cache-control': 'public, max-age=300',
479 verbose headers   etag: '"c16671d126f61886b4fedbad415ca4c2"',
479 verbose headers   'last-modified': 'Sun, 07 Apr 2019 06:04:40 GMT',
479 verbose headers   vary: 'Accept-Encoding',
479 verbose headers   'cf-cache-status': 'HIT',
479 verbose headers   'expect-ct': 'max-age=604800, report-uri="https://report-uri.cloudflare.com/cdn-cgi/beacon/expect-ct"',
479 verbose headers   server: 'cloudflare' }
480 silly get cb [ 304,
480 silly get   { date: 'Wed, 01 Apr 2020 23:20:22 GMT',
480 silly get     connection: 'keep-alive',
480 silly get     'set-cookie':
480 silly get      [ '__cfduid=dfdd29027b0851f81621dec69fbc843e41585783222; expires=Fri, 01-May-20 23:20:22 GMT; path=/; domain=.npmjs.org; HttpOnly; SameSite=Lax' ],
480 silly get     'cf-ray': '57d60a55bd75cad0-ARN',
480 silly get     age: '4761',
480 silly get     'cache-control': 'public, max-age=300',
480 silly get     etag: '"c16671d126f61886b4fedbad415ca4c2"',
480 silly get     'last-modified': 'Sun, 07 Apr 2019 06:04:40 GMT',
480 silly get     vary: 'Accept-Encoding',
480 silly get     'cf-cache-status': 'HIT',
480 silly get     'expect-ct': 'max-age=604800, report-uri="https://report-uri.cloudflare.com/cdn-cgi/beacon/expect-ct"',
480 silly get     server: 'cloudflare' } ]
481 verbose etag https://registry.npmjs.org/to-regex-range from cache
482 verbose get saving to-regex-range to /home/mishok/.npm/registry.npmjs.org/to-regex-range/.cache.json
483 silly resolveWithNewModule to-regex-range@5.0.1 checking installable status
484 silly cache add args [ 'to-regex-range@^5.0.1', null ]
485 verbose cache add spec to-regex-range@^5.0.1
486 silly cache add parsed spec Result {
486 silly cache add   raw: 'to-regex-range@^5.0.1',
486 silly cache add   scope: null,
486 silly cache add   name: 'to-regex-range',
486 silly cache add   rawSpec: '^5.0.1',
486 silly cache add   spec: '>=5.0.1 <6.0.0',
486 silly cache add   type: 'range' }
487 silly addNamed to-regex-range@>=5.0.1 <6.0.0
488 verbose addNamed ">=5.0.1 <6.0.0" is a valid semver range for to-regex-range
489 silly addNameRange { name: 'to-regex-range',
489 silly addNameRange   range: '>=5.0.1 <6.0.0',
489 silly addNameRange   hasData: false }
490 silly mapToRegistry name to-regex-range
491 silly mapToRegistry using default registry
492 silly mapToRegistry registry https://registry.npmjs.org/
493 silly mapToRegistry uri https://registry.npmjs.org/to-regex-range
494 verbose addNameRange registry:https://registry.npmjs.org/to-regex-range not in flight; fetching
495 verbose get https://registry.npmjs.org/to-regex-range not expired, no request
496 silly addNameRange number 2 { name: 'to-regex-range',
496 silly addNameRange   range: '>=5.0.1 <6.0.0',
496 silly addNameRange   hasData: true }
497 silly addNameRange versions [ 'to-regex-range',
497 silly addNameRange   [ '0.1.0',
497 silly addNameRange     '0.1.1',
497 silly addNameRange     '0.1.2',
497 silly addNameRange     '0.1.3',
497 silly addNameRange     '0.2.0',
497 silly addNameRange     '1.0.0',
497 silly addNameRange     '1.0.1',
497 silly addNameRange     '1.0.2',
497 silly addNameRange     '2.0.0',
497 silly addNameRange     '2.1.0',
497 silly addNameRange     '2.1.1',
497 silly addNameRange     '3.0.0',
497 silly addNameRange     '4.0.0',
497 silly addNameRange     '4.0.1',
497 silly addNameRange     '4.0.2',
497 silly addNameRange     '4.0.3',
497 silly addNameRange     '5.0.0',
497 silly addNameRange     '5.0.1' ] ]
498 silly addNamed to-regex-range@5.0.1
499 verbose addNamed "5.0.1" is a plain semver version for to-regex-range
500 silly cache afterAdd to-regex-range@5.0.1
501 verbose afterAdd /home/mishok/.npm/to-regex-range/5.0.1/package/package.json not in flight; writing
502 verbose afterAdd /home/mishok/.npm/to-regex-range/5.0.1/package/package.json written
503 silly fetchNamedPackageData is-number
504 silly mapToRegistry name is-number
505 silly mapToRegistry using default registry
506 silly mapToRegistry registry https://registry.npmjs.org/
507 silly mapToRegistry uri https://registry.npmjs.org/is-number
508 verbose request uri https://registry.npmjs.org/is-number
509 verbose request no auth needed
510 info attempt registry request try #1 at 2:20:22 AM
511 verbose etag W/"1d40f5d36d202ca83b2212f8bf3e4622"
512 verbose lastModified Wed, 04 Jul 2018 15:09:05 GMT
513 http request GET https://registry.npmjs.org/is-number
514 http 304 https://registry.npmjs.org/is-number
515 verbose headers { date: 'Wed, 01 Apr 2020 23:20:22 GMT',
515 verbose headers   connection: 'keep-alive',
515 verbose headers   'set-cookie':
515 verbose headers    [ '__cfduid=dfdd29027b0851f81621dec69fbc843e41585783222; expires=Fri, 01-May-20 23:20:22 GMT; path=/; domain=.npmjs.org; HttpOnly; SameSite=Lax' ],
515 verbose headers   'cf-ray': '57d60a55fdd0cad0-ARN',
515 verbose headers   age: '3890',
515 verbose headers   'cache-control': 'public, max-age=300',
515 verbose headers   etag: '"1d40f5d36d202ca83b2212f8bf3e4622"',
515 verbose headers   'last-modified': 'Wed, 04 Jul 2018 15:09:05 GMT',
515 verbose headers   vary: 'Accept-Encoding',
515 verbose headers   'cf-cache-status': 'HIT',
515 verbose headers   'expect-ct': 'max-age=604800, report-uri="https://report-uri.cloudflare.com/cdn-cgi/beacon/expect-ct"',
515 verbose headers   server: 'cloudflare' }
516 silly get cb [ 304,
516 silly get   { date: 'Wed, 01 Apr 2020 23:20:22 GMT',
516 silly get     connection: 'keep-alive',
516 silly get     'set-cookie':
516 silly get      [ '__cfduid=dfdd29027b0851f81621dec69fbc843e41585783222; expires=Fri, 01-May-20 23:20:22 GMT; path=/; domain=.npmjs.org; HttpOnly; SameSite=Lax' ],
516 silly get     'cf-ray': '57d60a55fdd0cad0-ARN',
516 silly get     age: '3890',
516 silly get     'cache-control': 'public, max-age=300',
516 silly get     etag: '"1d40f5d36d202ca83b2212f8bf3e4622"',
516 silly get     'last-modified': 'Wed, 04 Jul 2018 15:09:05 GMT',
516 silly get     vary: 'Accept-Encoding',
516 silly get     'cf-cache-status': 'HIT',
516 silly get     'expect-ct': 'max-age=604800, report-uri="https://report-uri.cloudflare.com/cdn-cgi/beacon/expect-ct"',
516 silly get     server: 'cloudflare' } ]
517 verbose etag https://registry.npmjs.org/is-number from cache
518 verbose get saving is-number to /home/mishok/.npm/registry.npmjs.org/is-number/.cache.json
519 silly resolveWithNewModule is-number@7.0.0 checking installable status
520 silly cache add args [ 'is-number@^7.0.0', null ]
521 verbose cache add spec is-number@^7.0.0
522 silly cache add parsed spec Result {
522 silly cache add   raw: 'is-number@^7.0.0',
522 silly cache add   scope: null,
522 silly cache add   name: 'is-number',
522 silly cache add   rawSpec: '^7.0.0',
522 silly cache add   spec: '>=7.0.0 <8.0.0',
522 silly cache add   type: 'range' }
523 silly addNamed is-number@>=7.0.0 <8.0.0
524 verbose addNamed ">=7.0.0 <8.0.0" is a valid semver range for is-number
525 silly addNameRange { name: 'is-number', range: '>=7.0.0 <8.0.0', hasData: false }
526 silly mapToRegistry name is-number
527 silly mapToRegistry using default registry
528 silly mapToRegistry registry https://registry.npmjs.org/
529 silly mapToRegistry uri https://registry.npmjs.org/is-number
530 verbose addNameRange registry:https://registry.npmjs.org/is-number not in flight; fetching
531 verbose get https://registry.npmjs.org/is-number not expired, no request
532 silly addNameRange number 2 { name: 'is-number', range: '>=7.0.0 <8.0.0', hasData: true }
533 silly addNameRange versions [ 'is-number',
533 silly addNameRange   [ '0.1.0',
533 silly addNameRange     '0.1.1',
533 silly addNameRange     '1.0.0',
533 silly addNameRange     '1.1.0',
533 silly addNameRange     '1.1.1',
533 silly addNameRange     '1.1.2',
533 silly addNameRange     '2.0.0',
533 silly addNameRange     '2.0.1',
533 silly addNameRange     '2.0.2',
533 silly addNameRange     '2.1.0',
533 silly addNameRange     '3.0.0',
533 silly addNameRange     '4.0.0',
533 silly addNameRange     '5.0.0',
533 silly addNameRange     '6.0.0',
533 silly addNameRange     '7.0.0' ] ]
534 silly addNamed is-number@7.0.0
535 verbose addNamed "7.0.0" is a plain semver version for is-number
536 silly cache afterAdd is-number@7.0.0
537 verbose afterAdd /home/mishok/.npm/is-number/7.0.0/package/package.json not in flight; writing
538 verbose afterAdd /home/mishok/.npm/is-number/7.0.0/package/package.json written
539 silly fetchNamedPackageData is-extglob
540 silly mapToRegistry name is-extglob
541 silly mapToRegistry using default registry
542 silly mapToRegistry registry https://registry.npmjs.org/
543 silly mapToRegistry uri https://registry.npmjs.org/is-extglob
544 verbose request uri https://registry.npmjs.org/is-extglob
545 verbose request no auth needed
546 info attempt registry request try #1 at 2:20:22 AM
547 verbose etag W/"793d1b13bd8d035cd22e5c9ac543fd42"
548 verbose lastModified Sun, 27 May 2018 04:58:59 GMT
549 http request GET https://registry.npmjs.org/is-extglob
550 http 304 https://registry.npmjs.org/is-extglob
551 verbose headers { date: 'Wed, 01 Apr 2020 23:20:22 GMT',
551 verbose headers   connection: 'keep-alive',
551 verbose headers   'set-cookie':
551 verbose headers    [ '__cfduid=d1ad7d2de1ad87fdb58043dce3b41bfde1585783222; expires=Fri, 01-May-20 23:20:22 GMT; path=/; domain=.npmjs.org; HttpOnly; SameSite=Lax' ],
551 verbose headers   'cf-ray': '57d60a566bc6cb08-ARN',
551 verbose headers   age: '1845',
551 verbose headers   'cache-control': 'public, max-age=300',
551 verbose headers   etag: '"793d1b13bd8d035cd22e5c9ac543fd42"',
551 verbose headers   'last-modified': 'Sun, 27 May 2018 04:58:59 GMT',
551 verbose headers   vary: 'Accept-Encoding',
551 verbose headers   'cf-cache-status': 'HIT',
551 verbose headers   'expect-ct': 'max-age=604800, report-uri="https://report-uri.cloudflare.com/cdn-cgi/beacon/expect-ct"',
551 verbose headers   server: 'cloudflare' }
552 silly get cb [ 304,
552 silly get   { date: 'Wed, 01 Apr 2020 23:20:22 GMT',
552 silly get     connection: 'keep-alive',
552 silly get     'set-cookie':
552 silly get      [ '__cfduid=d1ad7d2de1ad87fdb58043dce3b41bfde1585783222; expires=Fri, 01-May-20 23:20:22 GMT; path=/; domain=.npmjs.org; HttpOnly; SameSite=Lax' ],
552 silly get     'cf-ray': '57d60a566bc6cb08-ARN',
552 silly get     age: '1845',
552 silly get     'cache-control': 'public, max-age=300',
552 silly get     etag: '"793d1b13bd8d035cd22e5c9ac543fd42"',
552 silly get     'last-modified': 'Sun, 27 May 2018 04:58:59 GMT',
552 silly get     vary: 'Accept-Encoding',
552 silly get     'cf-cache-status': 'HIT',
552 silly get     'expect-ct': 'max-age=604800, report-uri="https://report-uri.cloudflare.com/cdn-cgi/beacon/expect-ct"',
552 silly get     server: 'cloudflare' } ]
553 verbose etag https://registry.npmjs.org/is-extglob from cache
554 verbose get saving is-extglob to /home/mishok/.npm/registry.npmjs.org/is-extglob/.cache.json
555 silly resolveWithNewModule is-extglob@2.1.1 checking installable status
556 silly cache add args [ 'is-extglob@^2.1.1', null ]
557 verbose cache add spec is-extglob@^2.1.1
558 silly cache add parsed spec Result {
558 silly cache add   raw: 'is-extglob@^2.1.1',
558 silly cache add   scope: null,
558 silly cache add   name: 'is-extglob',
558 silly cache add   rawSpec: '^2.1.1',
558 silly cache add   spec: '>=2.1.1 <3.0.0',
558 silly cache add   type: 'range' }
559 silly addNamed is-extglob@>=2.1.1 <3.0.0
560 verbose addNamed ">=2.1.1 <3.0.0" is a valid semver range for is-extglob
561 silly addNameRange { name: 'is-extglob', range: '>=2.1.1 <3.0.0', hasData: false }
562 silly mapToRegistry name is-extglob
563 silly mapToRegistry using default registry
564 silly mapToRegistry registry https://registry.npmjs.org/
565 silly mapToRegistry uri https://registry.npmjs.org/is-extglob
566 verbose addNameRange registry:https://registry.npmjs.org/is-extglob not in flight; fetching
567 verbose get https://registry.npmjs.org/is-extglob not expired, no request
568 silly addNameRange number 2 { name: 'is-extglob', range: '>=2.1.1 <3.0.0', hasData: true }
569 silly addNameRange versions [ 'is-extglob', [ '1.0.0', '2.0.0', '2.1.0', '2.1.1' ] ]
570 silly addNamed is-extglob@2.1.1
571 verbose addNamed "2.1.1" is a plain semver version for is-extglob
572 silly cache afterAdd is-extglob@2.1.1
573 verbose afterAdd /home/mishok/.npm/is-extglob/2.1.1/package/package.json not in flight; writing
574 verbose afterAdd /home/mishok/.npm/is-extglob/2.1.1/package/package.json written
575 silly fetchNamedPackageData binary-extensions
576 silly mapToRegistry name binary-extensions
577 silly mapToRegistry using default registry
578 silly mapToRegistry registry https://registry.npmjs.org/
579 silly mapToRegistry uri https://registry.npmjs.org/binary-extensions
580 verbose request uri https://registry.npmjs.org/binary-extensions
581 verbose request no auth needed
582 info attempt registry request try #1 at 2:20:22 AM
583 verbose etag W/"6a05f5b3e8f90f490ec83ad4a3f06aec"
584 verbose lastModified Thu, 18 Apr 2019 18:50:16 GMT
585 http request GET https://registry.npmjs.org/binary-extensions
586 http 304 https://registry.npmjs.org/binary-extensions
587 verbose headers { date: 'Wed, 01 Apr 2020 23:20:22 GMT',
587 verbose headers   connection: 'keep-alive',
587 verbose headers   'set-cookie':
587 verbose headers    [ '__cfduid=d7ea03b2bf3a12d6b0ba146e2653fba6d1585783222; expires=Fri, 01-May-20 23:20:22 GMT; path=/; domain=.npmjs.org; HttpOnly; SameSite=Lax' ],
587 verbose headers   'cf-ray': '57d60a56dee38719-ARN',
587 verbose headers   age: '2063',
587 verbose headers   'cache-control': 'public, max-age=300',
587 verbose headers   etag: '"6a05f5b3e8f90f490ec83ad4a3f06aec"',
587 verbose headers   'last-modified': 'Thu, 18 Apr 2019 18:50:16 GMT',
587 verbose headers   vary: 'Accept-Encoding',
587 verbose headers   'cf-cache-status': 'HIT',
587 verbose headers   'expect-ct': 'max-age=604800, report-uri="https://report-uri.cloudflare.com/cdn-cgi/beacon/expect-ct"',
587 verbose headers   server: 'cloudflare' }
588 silly get cb [ 304,
588 silly get   { date: 'Wed, 01 Apr 2020 23:20:22 GMT',
588 silly get     connection: 'keep-alive',
588 silly get     'set-cookie':
588 silly get      [ '__cfduid=d7ea03b2bf3a12d6b0ba146e2653fba6d1585783222; expires=Fri, 01-May-20 23:20:22 GMT; path=/; domain=.npmjs.org; HttpOnly; SameSite=Lax' ],
588 silly get     'cf-ray': '57d60a56dee38719-ARN',
588 silly get     age: '2063',
588 silly get     'cache-control': 'public, max-age=300',
588 silly get     etag: '"6a05f5b3e8f90f490ec83ad4a3f06aec"',
588 silly get     'last-modified': 'Thu, 18 Apr 2019 18:50:16 GMT',
588 silly get     vary: 'Accept-Encoding',
588 silly get     'cf-cache-status': 'HIT',
588 silly get     'expect-ct': 'max-age=604800, report-uri="https://report-uri.cloudflare.com/cdn-cgi/beacon/expect-ct"',
588 silly get     server: 'cloudflare' } ]
589 verbose etag https://registry.npmjs.org/binary-extensions from cache
590 verbose get saving binary-extensions to /home/mishok/.npm/registry.npmjs.org/binary-extensions/.cache.json
591 silly resolveWithNewModule binary-extensions@2.0.0 checking installable status
592 silly cache add args [ 'binary-extensions@^2.0.0', null ]
593 verbose cache add spec binary-extensions@^2.0.0
594 silly cache add parsed spec Result {
594 silly cache add   raw: 'binary-extensions@^2.0.0',
594 silly cache add   scope: null,
594 silly cache add   name: 'binary-extensions',
594 silly cache add   rawSpec: '^2.0.0',
594 silly cache add   spec: '>=2.0.0 <3.0.0',
594 silly cache add   type: 'range' }
595 silly addNamed binary-extensions@>=2.0.0 <3.0.0
596 verbose addNamed ">=2.0.0 <3.0.0" is a valid semver range for binary-extensions
597 silly addNameRange { name: 'binary-extensions',
597 silly addNameRange   range: '>=2.0.0 <3.0.0',
597 silly addNameRange   hasData: false }
598 silly mapToRegistry name binary-extensions
599 silly mapToRegistry using default registry
600 silly mapToRegistry registry https://registry.npmjs.org/
601 silly mapToRegistry uri https://registry.npmjs.org/binary-extensions
602 verbose addNameRange registry:https://registry.npmjs.org/binary-extensions not in flight; fetching
603 verbose get https://registry.npmjs.org/binary-extensions not expired, no request
604 silly addNameRange number 2 { name: 'binary-extensions',
604 silly addNameRange   range: '>=2.0.0 <3.0.0',
604 silly addNameRange   hasData: true }
605 silly addNameRange versions [ 'binary-extensions',
605 silly addNameRange   [ '1.0.0',
605 silly addNameRange     '1.0.1',
605 silly addNameRange     '1.0.2',
605 silly addNameRange     '1.1.0',
605 silly addNameRange     '1.1.1',
605 silly addNameRange     '1.2.0',
605 silly addNameRange     '1.3.0',
605 silly addNameRange     '1.3.1',
605 silly addNameRange     '1.4.0',
605 silly addNameRange     '1.4.1',
605 silly addNameRange     '1.5.0',
605 silly addNameRange     '1.6.0',
605 silly addNameRange     '1.7.0',
605 silly addNameRange     '1.8.0',
605 silly addNameRange     '1.9.0',
605 silly addNameRange     '1.10.0',
605 silly addNameRange     '1.11.0',
605 silly addNameRange     '1.12.0',
605 silly addNameRange     '1.13.0',
605 silly addNameRange     '1.13.1',
605 silly addNameRange     '2.0.0' ] ]
606 silly addNamed binary-extensions@2.0.0
607 verbose addNamed "2.0.0" is a plain semver version for binary-extensions
608 silly cache afterAdd binary-extensions@2.0.0
609 verbose afterAdd /home/mishok/.npm/binary-extensions/2.0.0/package/package.json not in flight; writing
610 verbose afterAdd /home/mishok/.npm/binary-extensions/2.0.0/package/package.json written
611 silly loadAllDepsIntoIdealTree Finishing
612 silly idealTree:prePrune lib
612 silly idealTree:prePrune  sass@1.26.3
612 silly idealTree:prePrune    anymatch@3.1.1
612 silly idealTree:prePrune    binary-extensions@2.0.0
612 silly idealTree:prePrune    braces@3.0.2
612 silly idealTree:prePrune    chokidar@3.3.1
612 silly idealTree:prePrune    fill-range@7.0.1
612 silly idealTree:prePrune    glob-parent@5.1.1
612 silly idealTree:prePrune    is-binary-path@2.1.0
612 silly idealTree:prePrune    is-extglob@2.1.1
612 silly idealTree:prePrune    is-glob@4.0.1
612 silly idealTree:prePrune    is-number@7.0.0
612 silly idealTree:prePrune    normalize-path@3.0.0
612 silly idealTree:prePrune    picomatch@2.2.2
612 silly idealTree:prePrune    readdirp@3.3.0
612 silly idealTree:prePrune    to-regex-range@5.0.1
613 silly loadIdealTree Finishing
614 silly currentTree lib
615 silly idealTree lib
615 silly idealTree  sass@1.26.3
615 silly idealTree    anymatch@3.1.1
615 silly idealTree    binary-extensions@2.0.0
615 silly idealTree    braces@3.0.2
615 silly idealTree    chokidar@3.3.1
615 silly idealTree    fill-range@7.0.1
615 silly idealTree    glob-parent@5.1.1
615 silly idealTree    is-binary-path@2.1.0
615 silly idealTree    is-extglob@2.1.1
615 silly idealTree    is-glob@4.0.1
615 silly idealTree    is-number@7.0.0
615 silly idealTree    normalize-path@3.0.0
615 silly idealTree    picomatch@2.2.2
615 silly idealTree    readdirp@3.3.0
615 silly idealTree    to-regex-range@5.0.1
616 silly generateActionsToTake Starting
617 silly install generateActionsToTake
618 warn checkPermissions Missing write access to /usr/local/lib/node_modules
619 silly rollbackFailedOptional Starting
620 silly rollbackFailedOptional Finishing
621 silly runTopLevelLifecycles Starting
622 silly runTopLevelLifecycles Finishing
623 silly install printInstalled
624 warn optional Skipping failed optional dependency /sass/chokidar/fsevents:
625 warn notsup Not compatible with your operating system or architecture: fsevents@2.1.2
626 verbose stack Error: EACCES: permission denied, access '/usr/local/lib/node_modules'
627 verbose cwd /home/mishok/MyProject
628 error Linux 4.15.0-20-generic
629 error argv "/usr/bin/node" "/usr/bin/npm" "install" "-g" "sass"
630 error node v8.10.0
631 error npm  v3.5.2
632 error path /usr/local/lib/node_modules
633 error code EACCES
634 error errno -13
635 error syscall access
636 error Error: EACCES: permission denied, access '/usr/local/lib/node_modules'
636 error  { Error: EACCES: permission denied, access '/usr/local/lib/node_modules'
636 error   errno: -13,
636 error   code: 'EACCES',
636 error   syscall: 'access',
636 error   path: '/usr/local/lib/node_modules' }
637 error Please try running this command again as root/Administrator.
638 verbose exit [ -13, true ]
